{
  "RSpec": {
    "coverage": {
      "/home/sandeep/RailsProjects/smart_pension_test/spec/file_parser_spec.rb": {
        "lines": [
          null,
          null,
          1,
          1,
          1,
          1,
          1,
          4,
          null,
          1,
          1,
          1,
          2,
          null,
          null,
          null,
          null,
          1,
          1,
          2,
          null,
          null,
          null,
          null,
          null,
          1,
          2,
          null,
          1,
          1,
          null,
          null,
          null,
          null,
          null,
          null,
          1,
          1,
          null,
          null,
          null,
          1,
          2,
          null,
          1,
          1,
          null,
          null,
          1,
          1,
          null,
          null,
          null,
          1,
          2,
          null,
          1,
          1,
          null,
          null,
          1,
          1,
          null,
          null,
          null
        ]
      },
      "/home/sandeep/RailsProjects/smart_pension_test/file_parser.rb": {
        "lines": [
          null,
          null,
          1,
          1,
          null,
          1,
          null,
          1,
          4,
          null,
          3,
          18,
          null,
          null,
          1,
          3,
          null,
          3,
          21,
          21,
          null,
          3,
          null,
          null,
          1,
          1,
          null,
          null,
          1,
          1,
          null,
          null,
          1,
          null,
          1,
          4,
          null,
          null,
          1,
          2,
          10,
          null,
          null,
          null,
          1,
          12,
          null,
          null
        ]
      },
      "/home/sandeep/RailsProjects/smart_pension_test/spec/printer_spec.rb": {
        "lines": [
          null,
          null,
          1,
          1,
          null,
          1,
          1,
          null,
          2,
          null,
          1,
          1,
          1,
          null,
          1,
          1,
          1,
          null,
          null,
          null,
          null
        ]
      },
      "/home/sandeep/RailsProjects/smart_pension_test/printer.rb": {
        "lines": [
          null,
          null,
          1,
          1,
          1,
          1,
          null,
          null,
          1,
          1,
          2,
          2,
          2,
          2,
          6,
          6,
          6,
          null,
          null,
          null,
          null
        ]
      }
    },
    "timestamp": 1662451387
  }
}
